# JRE version: OpenJDK Runtime Environment (7.0_65-b32) (build 1.7.0_65-b32)
# Java VM: OpenJDK Server VM (24.65-b04 mixed mode linux-x86 )
Heap
 PSYoungGen      total 340224K, used 19415K [0x9ddc0000, 0xb3340000, 0xb3340000)
  eden space 330752K, 5% used [0x9ddc0000,0x9f0b5c00,0xb20c0000)
  from space 9472K, 0% used [0xb20c0000,0xb20c0000,0xb2a00000)
  to   space 9472K, 0% used [0xb2a00000,0xb2a00000,0xb3340000)
 ParOldGen       total 37888K, used 37875K [0x73340000, 0x75840000, 0x9ddc0000)
  object space 37888K, 99% used [0x73340000,0x7583cd28,0x75840000)
 PSPermGen       total 46592K, used 31037K [0x63340000, 0x660c0000, 0x73340000)
  object space 46592K, 66% used [0x63340000,0x6518f5b8,0x660c0000)
GC Heap History (10 events):
Event: 20,134 GC heap after
Heap after GC invocations=15 (full 0):
 PSYoungGen      total 259072K, used 7166K [0x9ddc0000, 0xb3340000, 0xb3340000)
  eden space 251904K, 0% used [0x9ddc0000,0x9ddc0000,0xad3c0000)
  from space 7168K, 99% used [0xad3c0000,0xadabfb70,0xadac0000)
  to   space 8960K, 0% used [0xb2a80000,0xb2a80000,0xb3340000)
 ParOldGen       total 20736K, used 16875K [0x73340000, 0x74780000, 0x9ddc0000)
  object space 20736K, 81% used [0x73340000,0x743bae68,0x74780000)
 PSPermGen       total 16384K, used 16001K [0x63340000, 0x64340000, 0x73340000)
  object space 16384K, 97% used [0x63340000,0x642e0418,0x64340000)
}
Event: 25,267 GC heap before
{Heap before GC invocations=16 (full 0):
 PSYoungGen      total 259072K, used 259070K [0x9ddc0000, 0xb3340000, 0xb3340000)
  eden space 251904K, 100% used [0x9ddc0000,0xad3c0000,0xad3c0000)
  from space 7168K, 99% used [0xad3c0000,0xadabfb70,0xadac0000)
  to   space 8960K, 0% used [0xb2a80000,0xb2a80000,0xb3340000)
 ParOldGen       total 20736K, used 16875K [0x73340000, 0x74780000, 0x9ddc0000)
  object space 20736K, 81% used [0x73340000,0x743bae68,0x74780000)
 PSPermGen       total 18688K, used 18594K [0x63340000, 0x64580000, 0x73340000)
  object space 18688K, 99% used [0x63340000,0x64568b18,0x64580000)
Event: 25,324 GC heap after
Heap after GC invocations=16 (full 0):
 PSYoungGen      total 339712K, used 5706K [0x9ddc0000, 0xb3340000, 0xb3340000)
  eden space 330752K, 0% used [0x9ddc0000,0x9ddc0000,0xb20c0000)
  from space 8960K, 63% used [0xb2a80000,0xb3012a20,0xb3340000)
  to   space 9472K, 0% used [0xb20c0000,0xb20c0000,0xb2a00000)
 ParOldGen       total 23040K, used 23014K [0x73340000, 0x749c0000, 0x9ddc0000)
  object space 23040K, 99% used [0x73340000,0x749b9b88,0x749c0000)
 PSPermGen       total 18688K, used 18594K [0x63340000, 0x64580000, 0x73340000)
  object space 18688K, 99% used [0x63340000,0x64568b18,0x64580000)
}
Event: 25,357 GC heap before
{Heap before GC invocations=17 (full 1):
 PSYoungGen      total 339712K, used 5706K [0x9ddc0000, 0xb3340000, 0xb3340000)
  eden space 330752K, 0% used [0x9ddc0000,0x9ddc0000,0xb20c0000)
  from space 8960K, 63% used [0xb2a80000,0xb3012a20,0xb3340000)
  to   space 9472K, 0% used [0xb20c0000,0xb20c0000,0xb2a00000)
 ParOldGen       total 23040K, used 23014K [0x73340000, 0x749c0000, 0x9ddc0000)
  object space 23040K, 99% used [0x73340000,0x749b9b88,0x749c0000)
 PSPermGen       total 18688K, used 18594K [0x63340000, 0x64580000, 0x73340000)
  object space 18688K, 99% used [0x63340000,0x64568b18,0x64580000)
Event: 25,681 GC heap after
Heap after GC invocations=17 (full 1):
 PSYoungGen      total 339712K, used 0K [0x9ddc0000, 0xb3340000, 0xb3340000)
  eden space 330752K, 0% used [0x9ddc0000,0x9ddc0000,0xb20c0000)
  from space 8960K, 0% used [0xb2a80000,0xb2a80000,0xb3340000)
  to   space 9472K, 0% used [0xb20c0000,0xb20c0000,0xb2a00000)
 ParOldGen       total 37888K, used 20639K [0x73340000, 0x75840000, 0x9ddc0000)
  object space 37888K, 54% used [0x73340000,0x74767cd8,0x75840000)
 PSPermGen       total 37120K, used 18508K [0x63340000, 0x65780000, 0x73340000)
  object space 37120K, 49% used [0x63340000,0x64553388,0x65780000)
}
Event: 36,713 GC heap before
{Heap before GC invocations=18 (full 1):
 PSYoungGen      total 339712K, used 243131K [0x9ddc0000, 0xb3340000, 0xb3340000)
  eden space 330752K, 73% used [0x9ddc0000,0xacb2edc8,0xb20c0000)
  from space 8960K, 0% used [0xb2a80000,0xb2a80000,0xb3340000)
  to   space 9472K, 0% used [0xb20c0000,0xb20c0000,0xb2a00000)
 ParOldGen       total 37888K, used 20639K [0x73340000, 0x75840000, 0x9ddc0000)
  object space 37888K, 54% used [0x73340000,0x74767cd8,0x75840000)
 PSPermGen       total 37120K, used 24908K [0x63340000, 0x65780000, 0x73340000)
  object space 37120K, 67% used [0x63340000,0x64b93348,0x65780000)
Event: 36,890 GC heap after
Heap after GC invocations=18 (full 1):
 PSYoungGen      total 340224K, used 9459K [0x9ddc0000, 0xb3340000, 0xb3340000)
  eden space 330752K, 0% used [0x9ddc0000,0x9ddc0000,0xb20c0000)
  from space 9472K, 99% used [0xb20c0000,0xb29fce60,0xb2a00000)
  to   space 9472K, 0% used [0xb2a00000,0xb2a00000,0xb3340000)
 ParOldGen       total 37888K, used 37455K [0x73340000, 0x75840000, 0x9ddc0000)
  object space 37888K, 98% used [0x73340000,0x757d3d38,0x75840000)
 PSPermGen       total 37120K, used 24908K [0x63340000, 0x65780000, 0x73340000)
  object space 37120K, 67% used [0x63340000,0x64b93348,0x65780000)
}
Event: 36,890 GC heap before
{Heap before GC invocations=19 (full 2):
 PSYoungGen      total 340224K, used 9459K [0x9ddc0000, 0xb3340000, 0xb3340000)
  eden space 330752K, 0% used [0x9ddc0000,0x9ddc0000,0xb20c0000)
  from space 9472K, 99% used [0xb20c0000,0xb29fce60,0xb2a00000)
  to   space 9472K, 0% used [0xb2a00000,0xb2a00000,0xb3340000)
 ParOldGen       total 37888K, used 37455K [0x73340000, 0x75840000, 0x9ddc0000)
  object space 37888K, 98% used [0x73340000,0x757d3d38,0x75840000)
 PSPermGen       total 37120K, used 24908K [0x63340000, 0x65780000, 0x73340000)
  object space 37120K, 67% used [0x63340000,0x64b93348,0x65780000)
Event: 37,825 GC heap after
Heap after GC invocations=19 (full 2):
 PSYoungGen      total 340224K, used 4086K [0x9ddc0000, 0xb3340000, 0xb3340000)
  eden space 330752K, 0% used [0x9ddc0000,0x9ddc0000,0xb20c0000)
  from space 9472K, 43% used [0xb20c0000,0xb24bdb98,0xb2a00000)
  to   space 9472K, 0% used [0xb2a00000,0xb2a00000,0xb3340000)
 ParOldGen       total 37888K, used 37753K [0x73340000, 0x75840000, 0x9ddc0000)
  object space 37888K, 99% used [0x73340000,0x7581e560,0x75840000)
 PSPermGen       total 46592K, used 24896K [0x63340000, 0x660c0000, 0x73340000)
  object space 46592K, 53% used [0x63340000,0x64b90340,0x660c0000)
}
Event: 850,894 GC heap before
{Heap before GC invocations=20 (full 3):
 PSYoungGen      total 340224K, used 334838K [0x9ddc0000, 0xb3340000, 0xb3340000)
  eden space 330752K, 100% used [0x9ddc0000,0xb20c0000,0xb20c0000)
  from space 9472K, 43% used [0xb20c0000,0xb24bdb98,0xb2a00000)
  to   space 9472K, 0% used [0xb2a00000,0xb2a00000,0xb3340000)
 ParOldGen       total 37888K, used 37753K [0x73340000, 0x75840000, 0x9ddc0000)
  object space 37888K, 99% used [0x73340000,0x7581e560,0x75840000)
 PSPermGen       total 46592K, used 31072K [0x63340000, 0x660c0000, 0x73340000)
  object space 46592K, 66% used [0x63340000,0x65198238,0x660c0000)

